Determining if the pthread_create exist failed with the following output:
Change Dir: /home/jan/pixy/pixy/build/hello_pixy/CMakeFiles/CMakeTmp

Run Build Command:"/usr/bin/make" "cmTC_91ebd/fast"
/usr/bin/make -f CMakeFiles/cmTC_91ebd.dir/build.make CMakeFiles/cmTC_91ebd.dir/build
make[1]: Verzeichnis „/home/jan/pixy/pixy/build/hello_pixy/CMakeFiles/CMakeTmp“ wird betreten
Building CXX object CMakeFiles/cmTC_91ebd.dir/CheckSymbolExists.cxx.o
/usr/bin/c++      -o CMakeFiles/cmTC_91ebd.dir/CheckSymbolExists.cxx.o -c /home/jan/pixy/pixy/build/hello_pixy/CMakeFiles/CMakeTmp/CheckSymbolExists.cxx
Linking CXX executable cmTC_91ebd
/usr/bin/cmake -E cmake_link_script CMakeFiles/cmTC_91ebd.dir/link.txt --verbose=1
/usr/bin/c++        CMakeFiles/cmTC_91ebd.dir/CheckSymbolExists.cxx.o  -o cmTC_91ebd -rdynamic 
CMakeFiles/cmTC_91ebd.dir/CheckSymbolExists.cxx.o: In function `main':
CheckSymbolExists.cxx:(.text+0x1b): undefined reference to `pthread_create'
collect2: error: ld returned 1 exit status
CMakeFiles/cmTC_91ebd.dir/build.make:97: die Regel für Ziel „cmTC_91ebd“ scheiterte
make[1]: *** [cmTC_91ebd] Fehler 1
make[1]: Verzeichnis „/home/jan/pixy/pixy/build/hello_pixy/CMakeFiles/CMakeTmp“ wird verlassen
Makefile:126: die Regel für Ziel „cmTC_91ebd/fast“ scheiterte
make: *** [cmTC_91ebd/fast] Fehler 2

File /home/jan/pixy/pixy/build/hello_pixy/CMakeFiles/CMakeTmp/CheckSymbolExists.cxx:
/* */
#include <pthread.h>

int main(int argc, char** argv)
{
  (void)argv;
#ifndef pthread_create
  return ((int*)(&pthread_create))[argc];
#else
  (void)argc;
  return 0;
#endif
}

Determining if the function pthread_create exists in the pthreads failed with the following output:
Change Dir: /home/jan/pixy/pixy/build/hello_pixy/CMakeFiles/CMakeTmp

Run Build Command:"/usr/bin/make" "cmTC_6a545/fast"
/usr/bin/make -f CMakeFiles/cmTC_6a545.dir/build.make CMakeFiles/cmTC_6a545.dir/build
make[1]: Verzeichnis „/home/jan/pixy/pixy/build/hello_pixy/CMakeFiles/CMakeTmp“ wird betreten
Building CXX object CMakeFiles/cmTC_6a545.dir/CheckFunctionExists.cxx.o
/usr/bin/c++     -DCHECK_FUNCTION_EXISTS=pthread_create   -o CMakeFiles/cmTC_6a545.dir/CheckFunctionExists.cxx.o -c /home/jan/pixy/pixy/build/hello_pixy/CMakeFiles/CheckLibraryExists/CheckFunctionExists.cxx
Linking CXX executable cmTC_6a545
/usr/bin/cmake -E cmake_link_script CMakeFiles/cmTC_6a545.dir/link.txt --verbose=1
/usr/bin/c++    -DCHECK_FUNCTION_EXISTS=pthread_create    CMakeFiles/cmTC_6a545.dir/CheckFunctionExists.cxx.o  -o cmTC_6a545 -rdynamic -lpthreads 
/usr/bin/ld: cannot find -lpthreads
collect2: error: ld returned 1 exit status
CMakeFiles/cmTC_6a545.dir/build.make:97: die Regel für Ziel „cmTC_6a545“ scheiterte
make[1]: *** [cmTC_6a545] Fehler 1
make[1]: Verzeichnis „/home/jan/pixy/pixy/build/hello_pixy/CMakeFiles/CMakeTmp“ wird verlassen
Makefile:126: die Regel für Ziel „cmTC_6a545/fast“ scheiterte
make: *** [cmTC_6a545/fast] Fehler 2


